{"DEBUG": {"1495524239": {"duration": "0.001", "query": "SELECT \"auth_user\".\"id\", \"auth_user\".\"password\", \"auth_user\".\"last_login\", \"auth_user\".\"is_superuser\", \"auth_user\".\"username\", \"auth_user\".\"first_name\", \"auth_user\".\"last_name\", \"auth_user\".\"email\", \"auth_user\".\"is_staff\", \"auth_user\".\"is_active\", \"auth_user\".\"date_joined\" FROM \"auth_user\" WHERE \"auth_user\".\"username\" = 'arish_haque'", "using": "default"}}}
{"DEBUG": {"1495524239": {"duration": "0.000", "query": "SELECT (1) AS \"a\" FROM \"django_session\" WHERE \"django_session\".\"session_key\" = 'zsz3jllemyk7h9tnsl3zpsuxa4o011xk' LIMIT 1", "using": "default"}}}
{"DEBUG": {"1495524239": {"duration": "0.000", "query": "BEGIN", "using": "default"}}}
{"DEBUG": {"1495524239": {"duration": "0.000", "query": "INSERT INTO \"django_session\" (\"session_key\", \"session_data\", \"expire_date\") SELECT 'zsz3jllemyk7h9tnsl3zpsuxa4o011xk', 'MjQ2ZDhjYThiMTQwN2JjYzY3NTY1YzQxMWQ0Njg1MjVjNDJmNjRiZjp7fQ==', '2017-06-06 07:23:59.187883'", "using": "default"}}}
{"DEBUG": {"1495524239": {"duration": "0.000", "query": "SELECT \"django_session\".\"session_key\", \"django_session\".\"session_data\", \"django_session\".\"expire_date\" FROM \"django_session\" WHERE \"django_session\".\"session_key\" = 'zsz3jllemyk7h9tnsl3zpsuxa4o011xk'", "using": "default"}}}
{"DEBUG": {"1495524239": {"duration": "0.000", "query": "BEGIN", "using": "default"}}}
{"DEBUG": {"1495524239": {"duration": "0.000", "query": "DELETE FROM \"django_session\" WHERE \"django_session\".\"session_key\" IN ('zsz3jllemyk7h9tnsl3zpsuxa4o011xk')", "using": "default"}}}
{"DEBUG": {"1495524239": {"duration": "0.000", "query": "BEGIN", "using": "default"}}}
{"DEBUG": {"1495524239": {"duration": "0.000", "query": "UPDATE \"auth_user\" SET \"last_login\" = '2017-05-23 07:23:59.194028' WHERE \"auth_user\".\"id\" = 2", "using": "default"}}}
{"DEBUG": {"1495524251": {"duration": "0.001", "query": "SELECT \"django_session\".\"session_key\", \"django_session\".\"session_data\", \"django_session\".\"expire_date\" FROM \"django_session\" WHERE (\"django_session\".\"session_key\" = 'zsz3jllemyk7h9tnsl3zpsuxa4o011xk' AND \"django_session\".\"expire_date\" > '2017-05-23 07:24:11.032121')", "using": "default"}}}
{"DEBUG": {"1495524251": {"duration": "0.000", "query": "SELECT \"auth_user\".\"id\", \"auth_user\".\"password\", \"auth_user\".\"last_login\", \"auth_user\".\"is_superuser\", \"auth_user\".\"username\", \"auth_user\".\"first_name\", \"auth_user\".\"last_name\", \"auth_user\".\"email\", \"auth_user\".\"is_staff\", \"auth_user\".\"is_active\", \"auth_user\".\"date_joined\" FROM \"auth_user\" WHERE \"auth_user\".\"id\" = 2", "using": "default"}}}
{"DEBUG": {"1495524251": {"duration": "0.000", "query": "SELECT \"chat_chat\".\"id\", \"chat_chat\".\"title\", \"chat_chat\".\"created_at\", \"chat_chat\".\"slug\" FROM \"chat_chat\" WHERE \"chat_chat\".\"slug\" = 'new-group-3'", "using": "default"}}}
{"DEBUG": {"1495524251": {"duration": "0.000", "query": "BEGIN", "using": "default"}}}
{"DEBUG": {"1495524251": {"duration": "0.000", "query": "INSERT INTO \"chat_message\" (\"user_id\", \"chat_id\", \"created_at\", \"message\") VALUES (2, 3, '2017-05-23 07:24:11.037639', '[''morning'']')", "using": "default"}}}
{"DEBUG": {"1495537671": {"duration": "0.001", "query": "SELECT \"chat_chat\".\"id\", \"chat_chat\".\"title\", \"chat_chat\".\"created_at\", \"chat_chat\".\"slug\" FROM \"chat_chat\"", "using": "default"}}}
{"DEBUG": {"1495537671": {"duration": "0.000", "query": "SELECT \"auth_user\".\"id\", \"auth_user\".\"password\", \"auth_user\".\"last_login\", \"auth_user\".\"is_superuser\", \"auth_user\".\"username\", \"auth_user\".\"first_name\", \"auth_user\".\"last_name\", \"auth_user\".\"email\", \"auth_user\".\"is_staff\", \"auth_user\".\"is_active\", \"auth_user\".\"date_joined\" FROM \"auth_user\" INNER JOIN \"chat_userchatstatus\" ON (\"auth_user\".\"id\" = \"chat_userchatstatus\".\"user_id\") WHERE \"chat_userchatstatus\".\"chat_id\" = 2", "using": "default"}}}
{"DEBUG": {"1495537671": {"duration": "0.000", "query": "SELECT \"auth_user\".\"id\", \"auth_user\".\"password\", \"auth_user\".\"last_login\", \"auth_user\".\"is_superuser\", \"auth_user\".\"username\", \"auth_user\".\"first_name\", \"auth_user\".\"last_name\", \"auth_user\".\"email\", \"auth_user\".\"is_staff\", \"auth_user\".\"is_active\", \"auth_user\".\"date_joined\" FROM \"auth_user\" INNER JOIN \"chat_userchatstatus\" ON (\"auth_user\".\"id\" = \"chat_userchatstatus\".\"user_id\") WHERE \"chat_userchatstatus\".\"chat_id\" = 3", "using": "default"}}}
{"DEBUG": {"1495537671": {"duration": "0.001", "query": "SELECT DISTINCT \"chat_chat\".\"id\", \"chat_chat\".\"title\", \"chat_chat\".\"created_at\", \"chat_chat\".\"slug\" FROM \"chat_chat\" LEFT OUTER JOIN \"chat_message\" ON (\"chat_chat\".\"id\" = \"chat_message\".\"chat_id\") WHERE (\"chat_chat\".\"title\" LIKE '%new group 2%' ESCAPE '\\' OR \"chat_chat\".\"slug\" LIKE '%new group 2%' ESCAPE '\\' OR \"chat_message\".\"message\" LIKE '%new group 2%' ESCAPE '\\')", "using": "default"}}}
{"DEBUG": {"1495537749": {"duration": "0.001", "query": "SELECT \"django_session\".\"session_key\", \"django_session\".\"session_data\", \"django_session\".\"expire_date\" FROM \"django_session\" WHERE (\"django_session\".\"session_key\" = 'zsz3jllemyk7h9tnsl3zpsuxa4o011xk' AND \"django_session\".\"expire_date\" > '2017-05-23 11:09:09.749041')", "using": "default"}}}
{"DEBUG": {"1495537749": {"duration": "0.000", "query": "SELECT \"auth_user\".\"id\", \"auth_user\".\"password\", \"auth_user\".\"last_login\", \"auth_user\".\"is_superuser\", \"auth_user\".\"username\", \"auth_user\".\"first_name\", \"auth_user\".\"last_name\", \"auth_user\".\"email\", \"auth_user\".\"is_staff\", \"auth_user\".\"is_active\", \"auth_user\".\"date_joined\" FROM \"auth_user\" WHERE \"auth_user\".\"id\" = 2", "using": "default"}}}
{"DEBUG": {"1495537749": {"duration": "0.000", "query": "SELECT \"chat_chat\".\"id\", \"chat_chat\".\"title\", \"chat_chat\".\"created_at\", \"chat_chat\".\"slug\" FROM \"chat_chat\" WHERE \"chat_chat\".\"slug\" = 'new-group-3'", "using": "default"}}}
{"DEBUG": {"1495537749": {"duration": "0.000", "query": "SELECT \"auth_user\".\"id\", \"auth_user\".\"password\", \"auth_user\".\"last_login\", \"auth_user\".\"is_superuser\", \"auth_user\".\"username\", \"auth_user\".\"first_name\", \"auth_user\".\"last_name\", \"auth_user\".\"email\", \"auth_user\".\"is_staff\", \"auth_user\".\"is_active\", \"auth_user\".\"date_joined\" FROM \"auth_user\" INNER JOIN \"chat_userchatstatus\" ON (\"auth_user\".\"id\" = \"chat_userchatstatus\".\"user_id\") WHERE \"chat_userchatstatus\".\"chat_id\" = 3", "using": "default"}}}
{"DEBUG": {"1495537837": {"duration": "0.001", "query": "SELECT (1) AS \"a\" FROM \"auth_user\" WHERE \"auth_user\".\"username\" = 'vishal' LIMIT 1", "using": "default"}}}
{"DEBUG": {"1495537837": {"duration": "0.000", "query": "SELECT (1) AS \"a\" FROM \"auth_user\" WHERE \"auth_user\".\"email\" = 'vishal4@chat.net' LIMIT 1", "using": "default"}}}
{"DEBUG": {"1495537837": {"duration": "0.000", "query": "BEGIN", "using": "default"}}}
{"DEBUG": {"1495537837": {"duration": "0.001", "query": "INSERT INTO \"auth_user\" (\"password\", \"last_login\", \"is_superuser\", \"username\", \"first_name\", \"last_name\", \"email\", \"is_staff\", \"is_active\", \"date_joined\") VALUES ('pbkdf2_sha256$24000$XJPHI7yIIHEn$dCpt+6ZtkD/2c5g05bxsd2P/zdVjwOTuDvNcME1Zg3E=', NULL, 0, 'vishal', '', '', 'vishal4@chat.net', 0, 1, '2017-05-23 11:10:37.447466')", "using": "default"}}}
{"DEBUG": {"1495537837": {"duration": "0.000", "query": "BEGIN", "using": "default"}}}
{"DEBUG": {"1495537837": {"duration": "0.000", "query": "INSERT INTO \"accounts_account\" (\"user_id\", \"tagline\", \"created_at\", \"updated_at\") SELECT NULL, 'hi', '2017-05-23 11:10:37.488839', '2017-05-23 11:10:37.488947'", "using": "default"}}}
